<?xml version="1.0" encoding="UTF-8"?>
<testng-results ignored="0" total="1" passed="1" failed="0" skipped="0">
  <reporter-output>
  </reporter-output>
  <suite started-at="2024-06-07T21:15:32 IST" name="Default suite" finished-at="2024-06-07T21:15:47 IST" duration-ms="14873">
    <groups>
    </groups>
    <test started-at="2024-06-07T21:15:32 IST" name="Default test" finished-at="2024-06-07T21:15:47 IST" duration-ms="14873">
      <class name="fastPack.FastClass">
        <test-method signature="fast()[pri:0, instance:fastPack.FastClass@145f66e3]" started-at="2024-06-07T21:15:32 IST" name="fast" finished-at="2024-06-07T21:15:47 IST" duration-ms="14812" status="PASS">
          <reporter-output>
          </reporter-output>
        </test-method> <!-- fast -->
      </class> <!-- fastPack.FastClass -->
    </test> <!-- Default test -->
  </suite> <!-- Default suite -->
</testng-results>
